(base) ➜  circular_include git:(main) ✗ clang++ -std=c++11 main.cpp > error.log
In file included from main.cpp:1:
In file included from ./c1.hpp:1:
In file included from ./c2.hpp:1:
In file included from ./c1.hpp:1:
In file included from ./c2.hpp:1:
In file included from ./c1.hpp:1:
In file included from ./c2.hpp:1:
In file included from ./c1.hpp:1:
In file included from ./c2.hpp:1:
In file included from ./c1.hpp:1:
In file included from ./c2.hpp:1:
In file included from ./c1.hpp:1:
In file included from ./c2.hpp:1:
In file included from ./c1.hpp:1:
In file included from ./c2.hpp:1:
In file included from ./c1.hpp:1:
In file included from ./c2.hpp:1:
In file included from ./c1.hpp:1:
In file included from ./c2.hpp:1:
In file included from ./c1.hpp:1:
In file included from ./c2.hpp:1:
In file included from ./c1.hpp:1:
In file included from ./c2.hpp:1:
In file included from ./c1.hpp:1:
In file included from ./c2.hpp:1:
In file included from ./c1.hpp:1:
In file included from ./c2.hpp:1:
In file included from ./c1.hpp:1:
In file included from ./c2.hpp:1:
In file included from ./c1.hpp:1:
In file included from ./c2.hpp:1:
In file included from ./c1.hpp:1:
In file included from ./c2.hpp:1:
In file included from ./c1.hpp:1:
In file included from ./c2.hpp:1:
In file included from ./c1.hpp:1:
In file included from ./c2.hpp:1:
In file included from ./c1.hpp:1:
In file included from ./c2.hpp:1:
In file included from ./c1.hpp:1:
In file included from ./c2.hpp:1:
In file included from ./c1.hpp:1:
In file included from ./c2.hpp:1:
In file included from ./c1.hpp:1:
In file included from ./c2.hpp:1:
In file included from ./c1.hpp:1:
In file included from ./c2.hpp:1:
In file included from ./c1.hpp:1:
In file included from ./c2.hpp:1:
In file included from ./c1.hpp:1:
In file included from ./c2.hpp:1:
In file included from ./c1.hpp:1:
In file included from ./c2.hpp:1:
In file included from ./c1.hpp:1:
In file included from ./c2.hpp:1:
In file included from ./c1.hpp:1:
In file included from ./c2.hpp:1:
In file included from ./c1.hpp:1:
In file included from ./c2.hpp:1:
In file included from ./c1.hpp:1:
In file included from ./c2.hpp:1:
In file included from ./c1.hpp:1:
In file included from ./c2.hpp:1:
In file included from ./c1.hpp:1:
In file included from ./c2.hpp:1:
In file included from ./c1.hpp:1:
In file included from ./c2.hpp:1:
In file included from ./c1.hpp:1:
In file included from ./c2.hpp:1:
In file included from ./c1.hpp:1:
In file included from ./c2.hpp:1:
In file included from ./c1.hpp:1:
In file included from ./c2.hpp:1:
In file included from ./c1.hpp:1:
In file included from ./c2.hpp:1:
In file included from ./c1.hpp:1:
In file included from ./c2.hpp:1:
In file included from ./c1.hpp:1:
In file included from ./c2.hpp:1:
In file included from ./c1.hpp:1:
In file included from ./c2.hpp:1:
In file included from ./c1.hpp:1:
In file included from ./c2.hpp:1:
In file included from ./c1.hpp:1:
In file included from ./c2.hpp:1:
In file included from ./c1.hpp:1:
In file included from ./c2.hpp:1:
In file included from ./c1.hpp:1:
In file included from ./c2.hpp:1:
In file included from ./c1.hpp:1:
In file included from ./c2.hpp:1:
In file included from ./c1.hpp:1:
In file included from ./c2.hpp:1:
In file included from ./c1.hpp:1:
In file included from ./c2.hpp:1:
In file included from ./c1.hpp:1:
In file included from ./c2.hpp:1:
In file included from ./c1.hpp:1:
In file included from ./c2.hpp:1:
In file included from ./c1.hpp:1:
In file included from ./c2.hpp:1:
In file included from ./c1.hpp:1:
In file included from ./c2.hpp:1:
In file included from ./c1.hpp:1:
In file included from ./c2.hpp:1:
In file included from ./c1.hpp:1:
In file included from ./c2.hpp:1:
In file included from ./c1.hpp:1:
In file included from ./c2.hpp:1:
In file included from ./c1.hpp:1:
In file included from ./c2.hpp:1:
In file included from ./c1.hpp:1:
In file included from ./c2.hpp:1:
In file included from ./c1.hpp:1:
In file included from ./c2.hpp:1:
In file included from ./c1.hpp:1:
In file included from ./c2.hpp:1:
In file included from ./c1.hpp:1:
In file included from ./c2.hpp:1:
In file included from ./c1.hpp:1:
In file included from ./c2.hpp:1:
In file included from ./c1.hpp:1:
In file included from ./c2.hpp:1:
In file included from ./c1.hpp:1:
In file included from ./c2.hpp:1:
In file included from ./c1.hpp:1:
In file included from ./c2.hpp:1:
In file included from ./c1.hpp:1:
In file included from ./c2.hpp:1:
In file included from ./c1.hpp:1:
In file included from ./c2.hpp:1:
In file included from ./c1.hpp:1:
In file included from ./c2.hpp:1:
In file included from ./c1.hpp:1:
In file included from ./c2.hpp:1:
In file included from ./c1.hpp:1:
In file included from ./c2.hpp:1:
In file included from ./c1.hpp:1:
In file included from ./c2.hpp:1:
In file included from ./c1.hpp:1:
In file included from ./c2.hpp:1:
In file included from ./c1.hpp:1:
In file included from ./c2.hpp:1:
In file included from ./c1.hpp:1:
In file included from ./c2.hpp:1:
In file included from ./c1.hpp:1:
In file included from ./c2.hpp:1:
In file included from ./c1.hpp:1:
In file included from ./c2.hpp:1:
In file included from ./c1.hpp:1:
In file included from ./c2.hpp:1:
In file included from ./c1.hpp:1:
In file included from ./c2.hpp:1:
In file included from ./c1.hpp:1:
In file included from ./c2.hpp:1:
In file included from ./c1.hpp:1:
In file included from ./c2.hpp:1:
In file included from ./c1.hpp:1:
In file included from ./c2.hpp:1:
In file included from ./c1.hpp:1:
In file included from ./c2.hpp:1:
In file included from ./c1.hpp:1:
In file included from ./c2.hpp:1:
In file included from ./c1.hpp:1:
In file included from ./c2.hpp:1:
In file included from ./c1.hpp:1:
In file included from ./c2.hpp:1:
In file included from ./c1.hpp:1:
In file included from ./c2.hpp:1:
In file included from ./c1.hpp:1:
In file included from ./c2.hpp:1:
In file included from ./c1.hpp:1:
In file included from ./c2.hpp:1:
In file included from ./c1.hpp:1:
In file included from ./c2.hpp:1:
In file included from ./c1.hpp:1:
In file included from ./c2.hpp:1:
In file included from ./c1.hpp:1:
In file included from ./c2.hpp:1:
In file included from ./c1.hpp:1:
In file included from ./c2.hpp:1:
In file included from ./c1.hpp:1:
In file included from ./c2.hpp:1:
In file included from ./c1.hpp:1:
In file included from ./c2.hpp:1:
In file included from ./c1.hpp:1:
In file included from ./c2.hpp:1:
In file included from ./c1.hpp:1:
In file included from ./c2.hpp:1:
In file included from ./c1.hpp:1:
In file included from ./c2.hpp:1:
In file included from ./c1.hpp:1:
In file included from ./c2.hpp:1:
In file included from ./c1.hpp:1:
In file included from ./c2.hpp:1:
In file included from ./c1.hpp:1:
In file included from ./c2.hpp:1:
In file included from ./c1.hpp:1:
In file included from ./c2.hpp:1:
./c1.hpp:1:10: error: #include nested too deeply
#include "c2.hpp"
         ^
In file included from main.cpp:1:
In file included from ./c1.hpp:1:
In file included from ./c2.hpp:1:
In file included from ./c1.hpp:1:
In file included from ./c2.hpp:1:
In file included from ./c1.hpp:1:
In file included from ./c2.hpp:1:
In file included from ./c1.hpp:1:
In file included from ./c2.hpp:1:
In file included from ./c1.hpp:1:
In file included from ./c2.hpp:1:
In file included from ./c1.hpp:1:
In file included from ./c2.hpp:1:
In file included from ./c1.hpp:1:
In file included from ./c2.hpp:1:
In file included from ./c1.hpp:1:
In file included from ./c2.hpp:1:
In file included from ./c1.hpp:1:
In file included from ./c2.hpp:1:
In file included from ./c1.hpp:1:
In file included from ./c2.hpp:1:
In file included from ./c1.hpp:1:
In file included from ./c2.hpp:1:
In file included from ./c1.hpp:1:
In file included from ./c2.hpp:1:
In file included from ./c1.hpp:1:
In file included from ./c2.hpp:1:
In file included from ./c1.hpp:1:
In file included from ./c2.hpp:1:
In file included from ./c1.hpp:1:
In file included from ./c2.hpp:1:
In file included from ./c1.hpp:1:
In file included from ./c2.hpp:1:
In file included from ./c1.hpp:1:
In file included from ./c2.hpp:1:
In file included from ./c1.hpp:1:
In file included from ./c2.hpp:1:
In file included from ./c1.hpp:1:
In file included from ./c2.hpp:1:
In file included from ./c1.hpp:1:
In file included from ./c2.hpp:1:
In file included from ./c1.hpp:1:
In file included from ./c2.hpp:1:
In file included from ./c1.hpp:1:
In file included from ./c2.hpp:1:
In file included from ./c1.hpp:1:
In file included from ./c2.hpp:1:
In file included from ./c1.hpp:1:
In file included from ./c2.hpp:1:
In file included from ./c1.hpp:1:
In file included from ./c2.hpp:1:
In file included from ./c1.hpp:1:
In file included from ./c2.hpp:1:
In file included from ./c1.hpp:1:
In file included from ./c2.hpp:1:
In file included from ./c1.hpp:1:
In file included from ./c2.hpp:1:
In file included from ./c1.hpp:1:
In file included from ./c2.hpp:1:
In file included from ./c1.hpp:1:
In file included from ./c2.hpp:1:
In file included from ./c1.hpp:1:
In file included from ./c2.hpp:1:
In file included from ./c1.hpp:1:
In file included from ./c2.hpp:1:
In file included from ./c1.hpp:1:
In file included from ./c2.hpp:1:
In file included from ./c1.hpp:1:
In file included from ./c2.hpp:1:
In file included from ./c1.hpp:1:
In file included from ./c2.hpp:1:
In file included from ./c1.hpp:1:
In file included from ./c2.hpp:1:
In file included from ./c1.hpp:1:
In file included from ./c2.hpp:1:
In file included from ./c1.hpp:1:
In file included from ./c2.hpp:1:
In file included from ./c1.hpp:1:
In file included from ./c2.hpp:1:
In file included from ./c1.hpp:1:
In file included from ./c2.hpp:1:
In file included from ./c1.hpp:1:
In file included from ./c2.hpp:1:
In file included from ./c1.hpp:1:
In file included from ./c2.hpp:1:
In file included from ./c1.hpp:1:
In file included from ./c2.hpp:1:
In file included from ./c1.hpp:1:
In file included from ./c2.hpp:1:
In file included from ./c1.hpp:1:
In file included from ./c2.hpp:1:
In file included from ./c1.hpp:1:
In file included from ./c2.hpp:1:
In file included from ./c1.hpp:1:
In file included from ./c2.hpp:1:
In file included from ./c1.hpp:1:
In file included from ./c2.hpp:1:
In file included from ./c1.hpp:1:
In file included from ./c2.hpp:1:
In file included from ./c1.hpp:1:
In file included from ./c2.hpp:1:
In file included from ./c1.hpp:1:
In file included from ./c2.hpp:1:
In file included from ./c1.hpp:1:
In file included from ./c2.hpp:1:
In file included from ./c1.hpp:1:
In file included from ./c2.hpp:1:
In file included from ./c1.hpp:1:
In file included from ./c2.hpp:1:
In file included from ./c1.hpp:1:
In file included from ./c2.hpp:1:
In file included from ./c1.hpp:1:
In file included from ./c2.hpp:1:
In file included from ./c1.hpp:1:
In file included from ./c2.hpp:1:
In file included from ./c1.hpp:1:
In file included from ./c2.hpp:1:
In file included from ./c1.hpp:1:
In file included from ./c2.hpp:1:
In file included from ./c1.hpp:1:
In file included from ./c2.hpp:1:
In file included from ./c1.hpp:1:
In file included from ./c2.hpp:1:
In file included from ./c1.hpp:1:
In file included from ./c2.hpp:1:
In file included from ./c1.hpp:1:
In file included from ./c2.hpp:1:
In file included from ./c1.hpp:1:
In file included from ./c2.hpp:1:
In file included from ./c1.hpp:1:
In file included from ./c2.hpp:1:
In file included from ./c1.hpp:1:
In file included from ./c2.hpp:1:
In file included from ./c1.hpp:1:
In file included from ./c2.hpp:1:
In file included from ./c1.hpp:1:
In file included from ./c2.hpp:1:
In file included from ./c1.hpp:1:
In file included from ./c2.hpp:1:
In file included from ./c1.hpp:1:
In file included from ./c2.hpp:1:
In file included from ./c1.hpp:1:
In file included from ./c2.hpp:1:
In file included from ./c1.hpp:1:
In file included from ./c2.hpp:1:
In file included from ./c1.hpp:1:
In file included from ./c2.hpp:1:
In file included from ./c1.hpp:1:
In file included from ./c2.hpp:1:
In file included from ./c1.hpp:1:
In file included from ./c2.hpp:1:
In file included from ./c1.hpp:1:
In file included from ./c2.hpp:1:
In file included from ./c1.hpp:1:
In file included from ./c2.hpp:1:
In file included from ./c1.hpp:1:
In file included from ./c2.hpp:1:
In file included from ./c1.hpp:1:
In file included from ./c2.hpp:1:
In file included from ./c1.hpp:1:
In file included from ./c2.hpp:1:
In file included from ./c1.hpp:1:
In file included from ./c2.hpp:1:
In file included from ./c1.hpp:1:
In file included from ./c2.hpp:1:
In file included from ./c1.hpp:1:
In file included from ./c2.hpp:1:
In file included from ./c1.hpp:1:
In file included from ./c2.hpp:1:
In file included from ./c1.hpp:1:
In file included from ./c2.hpp:1:
In file included from ./c1.hpp:1:
In file included from ./c2.hpp:1:
In file included from ./c1.hpp:1:
In file included from ./c2.hpp:1:
In file included from ./c1.hpp:1:
In file included from ./c2.hpp:1:
In file included from ./c1.hpp:1:
In file included from ./c2.hpp:1:
In file included from ./c1.hpp:1:
In file included from ./c2.hpp:1:
In file included from ./c1.hpp:1:
In file included from ./c2.hpp:1:
In file included from ./c1.hpp:1:
In file included from ./c2.hpp:1:
In file included from ./c1.hpp:1:
In file included from ./c2.hpp:1:
In file included from ./c1.hpp:1:
In file included from ./c2.hpp:1:
In file included from ./c1.hpp:1:
In file included from ./c2.hpp:1:
In file included from ./c1.hpp:1:
In file included from ./c2.hpp:1:
In file included from ./c1.hpp:1:
In file included from ./c2.hpp:1:
In file included from ./c1.hpp:1:
In file included from ./c2.hpp:1:
./c1.hpp:3:5: error: redefinition of 'f1'
int f1(){
    ^
./c1.hpp:3:5: note: previous definition is here
int f1(){
    ^
In file included from main.cpp:1:
In file included from ./c1.hpp:1:
In file included from ./c2.hpp:1:
In file included from ./c1.hpp:1:
In file included from ./c2.hpp:1:
In file included from ./c1.hpp:1:
In file included from ./c2.hpp:1:
In file included from ./c1.hpp:1:
In file included from ./c2.hpp:1:
In file included from ./c1.hpp:1:
In file included from ./c2.hpp:1:
In file included from ./c1.hpp:1:
In file included from ./c2.hpp:1:
In file included from ./c1.hpp:1:
In file included from ./c2.hpp:1:
In file included from ./c1.hpp:1:
In file included from ./c2.hpp:1:
In file included from ./c1.hpp:1:
In file included from ./c2.hpp:1:
In file included from ./c1.hpp:1:
In file included from ./c2.hpp:1:
In file included from ./c1.hpp:1:
In file included from ./c2.hpp:1:
In file included from ./c1.hpp:1:
In file included from ./c2.hpp:1:
In file included from ./c1.hpp:1:
In file included from ./c2.hpp:1:
In file included from ./c1.hpp:1:
In file included from ./c2.hpp:1:
In file included from ./c1.hpp:1:
In file included from ./c2.hpp:1:
In file included from ./c1.hpp:1:
In file included from ./c2.hpp:1:
In file included from ./c1.hpp:1:
In file included from ./c2.hpp:1:
In file included from ./c1.hpp:1:
In file included from ./c2.hpp:1:
In file included from ./c1.hpp:1:
In file included from ./c2.hpp:1:
In file included from ./c1.hpp:1:
In file included from ./c2.hpp:1:
In file included from ./c1.hpp:1:
In file included from ./c2.hpp:1:
In file included from ./c1.hpp:1:
In file included from ./c2.hpp:1:
In file included from ./c1.hpp:1:
In file included from ./c2.hpp:1:
In file included from ./c1.hpp:1:
In file included from ./c2.hpp:1:
In file included from ./c1.hpp:1:
In file included from ./c2.hpp:1:
In file included from ./c1.hpp:1:
In file included from ./c2.hpp:1:
In file included from ./c1.hpp:1:
In file included from ./c2.hpp:1:
In file included from ./c1.hpp:1:
In file included from ./c2.hpp:1:
In file included from ./c1.hpp:1:
In file included from ./c2.hpp:1:
In file included from ./c1.hpp:1:
In file included from ./c2.hpp:1:
In file included from ./c1.hpp:1:
In file included from ./c2.hpp:1:
In file included from ./c1.hpp:1:
In file included from ./c2.hpp:1:
In file included from ./c1.hpp:1:
In file included from ./c2.hpp:1:
In file included from ./c1.hpp:1:
In file included from ./c2.hpp:1:
In file included from ./c1.hpp:1:
In file included from ./c2.hpp:1:
In file included from ./c1.hpp:1:
In file included from ./c2.hpp:1:
In file included from ./c1.hpp:1:
In file included from ./c2.hpp:1:
In file included from ./c1.hpp:1:
In file included from ./c2.hpp:1:
In file included from ./c1.hpp:1:
In file included from ./c2.hpp:1:
In file included from ./c1.hpp:1:
In file included from ./c2.hpp:1:
In file included from ./c1.hpp:1:
In file included from ./c2.hpp:1:
In file included from ./c1.hpp:1:
In file included from ./c2.hpp:1:
In file included from ./c1.hpp:1:
In file included from ./c2.hpp:1:
In file included from ./c1.hpp:1:
In file included from ./c2.hpp:1:
In file included from ./c1.hpp:1:
In file included from ./c2.hpp:1:
In file included from ./c1.hpp:1:
In file included from ./c2.hpp:1:
In file included from ./c1.hpp:1:
In file included from ./c2.hpp:1:
In file included from ./c1.hpp:1:
In file included from ./c2.hpp:1:
In file included from ./c1.hpp:1:
In file included from ./c2.hpp:1:
In file included from ./c1.hpp:1:
In file included from ./c2.hpp:1:
In file included from ./c1.hpp:1:
In file included from ./c2.hpp:1:
In file included from ./c1.hpp:1:
In file included from ./c2.hpp:1:
In file included from ./c1.hpp:1:
In file included from ./c2.hpp:1:
In file included from ./c1.hpp:1:
In file included from ./c2.hpp:1:
In file included from ./c1.hpp:1:
In file included from ./c2.hpp:1:
In file included from ./c1.hpp:1:
In file included from ./c2.hpp:1:
In file included from ./c1.hpp:1:
In file included from ./c2.hpp:1:
In file included from ./c1.hpp:1:
In file included from ./c2.hpp:1:
In file included from ./c1.hpp:1:
In file included from ./c2.hpp:1:
In file included from ./c1.hpp:1:
In file included from ./c2.hpp:1:
In file included from ./c1.hpp:1:
In file included from ./c2.hpp:1:
In file included from ./c1.hpp:1:
In file included from ./c2.hpp:1:
In file included from ./c1.hpp:1:
In file included from ./c2.hpp:1:
In file included from ./c1.hpp:1:
In file included from ./c2.hpp:1:
In file included from ./c1.hpp:1:
In file included from ./c2.hpp:1:
In file included from ./c1.hpp:1:
In file included from ./c2.hpp:1:
In file included from ./c1.hpp:1:
In file included from ./c2.hpp:1:
In file included from ./c1.hpp:1:
In file included from ./c2.hpp:1:
In file included from ./c1.hpp:1:
In file included from ./c2.hpp:1:
In file included from ./c1.hpp:1:
In file included from ./c2.hpp:1:
In file included from ./c1.hpp:1:
In file included from ./c2.hpp:1:
In file included from ./c1.hpp:1:
In file included from ./c2.hpp:1:
In file included from ./c1.hpp:1:
In file included from ./c2.hpp:1:
In file included from ./c1.hpp:1:
In file included from ./c2.hpp:1:
In file included from ./c1.hpp:1:
In file included from ./c2.hpp:1:
In file included from ./c1.hpp:1:
In file included from ./c2.hpp:1:
In file included from ./c1.hpp:1:
In file included from ./c2.hpp:1:
In file included from ./c1.hpp:1:
In file included from ./c2.hpp:1:
In file included from ./c1.hpp:1:
In file included from ./c2.hpp:1:
In file included from ./c1.hpp:1:
In file included from ./c2.hpp:1:
In file included from ./c1.hpp:1:
In file included from ./c2.hpp:1:
In file included from ./c1.hpp:1:
In file included from ./c2.hpp:1:
In file included from ./c1.hpp:1:
In file included from ./c2.hpp:1:
In file included from ./c1.hpp:1:
In file included from ./c2.hpp:1:
In file included from ./c1.hpp:1:
In file included from ./c2.hpp:1:
In file included from ./c1.hpp:1:
In file included from ./c2.hpp:1:
In file included from ./c1.hpp:1:
In file included from ./c2.hpp:1:
In file included from ./c1.hpp:1:
In file included from ./c2.hpp:1:
In file included from ./c1.hpp:1:
In file included from ./c2.hpp:1:
In file included from ./c1.hpp:1:
In file included from ./c2.hpp:1:
In file included from ./c1.hpp:1:
In file included from ./c2.hpp:1:
In file included from ./c1.hpp:1:
In file included from ./c2.hpp:1:
In file included from ./c1.hpp:1:
In file included from ./c2.hpp:1:
In file included from ./c1.hpp:1:
In file included from ./c2.hpp:1:
In file included from ./c1.hpp:1:
In file included from ./c2.hpp:1:
In file included from ./c1.hpp:1:
In file included from ./c2.hpp:1:
In file included from ./c1.hpp:1:
In file included from ./c2.hpp:1:
In file included from ./c1.hpp:1:
./c2.hpp:3:5: error: redefinition of 'f2'
int f2(){
    ^
./c2.hpp:3:5: note: previous definition is here
int f2(){
    ^
3 errors generated.